<?xml version="1.0" encoding="UTF-8"?>
<!-- Generated by org.testng.reporters.JUnitReportReporter -->
<testsuite hostname="DESKTOP-TDPVJ2D" failures="0" tests="1" name="Base.Url" time="5.563" errors="0" timestamp="2023-07-18T12:14:26 IST" skipped="0">
  <testcase classname="Base.Url" name="a" time="5.563"/>
</testsuite> <!-- Base.Url -->
