<?xml version="1.0" encoding="UTF-8"?>
<!-- Generated by org.testng.reporters.JUnitReportReporter -->
<testsuite hostname="DESKTOP-TDPVJ2D" failures="0" tests="1" name="Test.Logintest" time="10.460" errors="0" timestamp="2023-07-24T17:17:20 IST" skipped="0">
  <testcase classname="Test.Logintest" name="setup" time="10.460"/>
</testsuite> <!-- Test.Logintest -->
